# JRE version: Java(TM) SE Runtime Environment (8.0_191-b12) (build 1.8.0_191-b12)
# Java VM: Java HotSpot(TM) 64-Bit Server VM (25.191-b12 mixed mode windows-amd64 compressed oops)
Heap:
 PSYoungGen      total 255488K, used 116976K [0x00000000d5b80000, 0x00000000e7300000, 0x0000000100000000)
  eden space 245760K, 47% used [0x00000000d5b80000,0x00000000dcdbc290,0x00000000e4b80000)
  from space 9728K, 0% used [0x00000000e6980000,0x00000000e6980000,0x00000000e7300000)
  to   space 11264K, 0% used [0x00000000e5d00000,0x00000000e5d00000,0x00000000e6800000)
 ParOldGen       total 49152K, used 25523K [0x0000000081200000, 0x0000000084200000, 0x00000000d5b80000)
  object space 49152K, 51% used [0x0000000081200000,0x0000000082aecdb8,0x0000000084200000)
 Metaspace       used 50589K, capacity 53198K, committed 53248K, reserved 1095680K
  class space    used 7183K, capacity 7657K, committed 7680K, reserved 1048576K
GC Heap History (10 events):
Event: 5.830 GC heap before
{Heap before GC invocations=7 (full 1):
 PSYoungGen      total 138240K, used 133120K [0x00000000d5b80000, 0x00000000e7380000, 0x0000000100000000)
  eden space 133120K, 100% used [0x00000000d5b80000,0x00000000ddd80000,0x00000000ddd80000)
  from space 5120K, 0% used [0x00000000ddd80000,0x00000000ddd80000,0x00000000de280000)
  to   space 10240K, 0% used [0x00000000e6980000,0x00000000e6980000,0x00000000e7380000)
 ParOldGen       total 49152K, used 5846K [0x0000000081200000, 0x0000000084200000, 0x00000000d5b80000)
  object space 49152K, 11% used [0x0000000081200000,0x00000000817b5a90,0x0000000084200000)
 Metaspace       used 25789K, capacity 26924K, committed 27136K, reserved 1073152K
  class space    used 3574K, capacity 3811K, committed 3840K, reserved 1048576K
Event: 5.842 GC heap after
Heap after GC invocations=7 (full 1):
 PSYoungGen      total 255488K, used 9375K [0x00000000d5b80000, 0x00000000e7300000, 0x0000000100000000)
  eden space 245760K, 0% used [0x00000000d5b80000,0x00000000d5b80000,0x00000000e4b80000)
  from space 9728K, 96% used [0x00000000e6980000,0x00000000e72a7e58,0x00000000e7300000)
  to   space 11264K, 0% used [0x00000000e5d00000,0x00000000e5d00000,0x00000000e6800000)
 ParOldGen       total 49152K, used 5918K [0x0000000081200000, 0x0000000084200000, 0x00000000d5b80000)
  object space 49152K, 12% used [0x0000000081200000,0x00000000817c7aa0,0x0000000084200000)
 Metaspace       used 25789K, capacity 26924K, committed 27136K, reserved 1073152K
  class space    used 3574K, capacity 3811K, committed 3840K, reserved 1048576K
}
Event: 7.961 GC heap before
{Heap before GC invocations=8 (full 1):
 PSYoungGen      total 255488K, used 165215K [0x00000000d5b80000, 0x00000000e7300000, 0x0000000100000000)
  eden space 245760K, 63% used [0x00000000d5b80000,0x00000000df3afe50,0x00000000e4b80000)
  from space 9728K, 96% used [0x00000000e6980000,0x00000000e72a7e58,0x00000000e7300000)
  to   space 11264K, 0% used [0x00000000e5d00000,0x00000000e5d00000,0x00000000e6800000)
 ParOldGen       total 49152K, used 5918K [0x0000000081200000, 0x0000000084200000, 0x00000000d5b80000)
  object space 49152K, 12% used [0x0000000081200000,0x00000000817c7aa0,0x0000000084200000)
 Metaspace       used 34300K, capacity 36014K, committed 36048K, reserved 1081344K
  class space    used 4648K, capacity 4992K, committed 4992K, reserved 1048576K
Event: 7.985 GC heap after
Heap after GC invocations=8 (full 1):
 PSYoungGen      total 257024K, used 11254K [0x00000000d5b80000, 0x00000000e7300000, 0x0000000100000000)
  eden space 245760K, 0% used [0x00000000d5b80000,0x00000000d5b80000,0x00000000e4b80000)
  from space 11264K, 99% used [0x00000000e5d00000,0x00000000e67fda68,0x00000000e6800000)
  to   space 9728K, 0% used [0x00000000e6980000,0x00000000e6980000,0x00000000e7300000)
 ParOldGen       total 49152K, used 12626K [0x0000000081200000, 0x0000000084200000, 0x00000000d5b80000)
  object space 49152K, 25% used [0x0000000081200000,0x0000000081e548e0,0x0000000084200000)
 Metaspace       used 34300K, capacity 36014K, committed 36048K, reserved 1081344K
  class space    used 4648K, capacity 4992K, committed 4992K, reserved 1048576K
}
Event: 7.985 GC heap before
{Heap before GC invocations=9 (full 2):
 PSYoungGen      total 257024K, used 11254K [0x00000000d5b80000, 0x00000000e7300000, 0x0000000100000000)
  eden space 245760K, 0% used [0x00000000d5b80000,0x00000000d5b80000,0x00000000e4b80000)
  from space 11264K, 99% used [0x00000000e5d00000,0x00000000e67fda68,0x00000000e6800000)
  to   space 9728K, 0% used [0x00000000e6980000,0x00000000e6980000,0x00000000e7300000)
 ParOldGen       total 49152K, used 12626K [0x0000000081200000, 0x0000000084200000, 0x00000000d5b80000)
  object space 49152K, 25% used [0x0000000081200000,0x0000000081e548e0,0x0000000084200000)
 Metaspace       used 34300K, capacity 36014K, committed 36048K, reserved 1081344K
  class space    used 4648K, capacity 4992K, committed 4992K, reserved 1048576K
Event: 8.122 GC heap after
Heap after GC invocations=9 (full 2):
 PSYoungGen      total 257024K, used 0K [0x00000000d5b80000, 0x00000000e7300000, 0x0000000100000000)
  eden space 245760K, 0% used [0x00000000d5b80000,0x00000000d5b80000,0x00000000e4b80000)
  from space 11264K, 0% used [0x00000000e5d00000,0x00000000e5d00000,0x00000000e6800000)
  to   space 9728K, 0% used [0x00000000e6980000,0x00000000e6980000,0x00000000e7300000)
 ParOldGen       total 49152K, used 22675K [0x0000000081200000, 0x0000000084200000, 0x00000000d5b80000)
  object space 49152K, 46% used [0x0000000081200000,0x0000000082824db8,0x0000000084200000)
 Metaspace       used 34300K, capacity 36014K, committed 36048K, reserved 1081344K
  class space    used 4648K, capacity 4992K, committed 4992K, reserved 1048576K
}
Event: 9.973 GC heap before
{Heap before GC invocations=10 (full 2):
 PSYoungGen      total 257024K, used 81909K [0x00000000d5b80000, 0x00000000e7300000, 0x0000000100000000)
  eden space 245760K, 33% used [0x00000000d5b80000,0x00000000dab7d6b8,0x00000000e4b80000)
  from space 11264K, 0% used [0x00000000e5d00000,0x00000000e5d00000,0x00000000e6800000)
  to   space 9728K, 0% used [0x00000000e6980000,0x00000000e6980000,0x00000000e7300000)
 ParOldGen       total 49152K, used 22675K [0x0000000081200000, 0x0000000084200000, 0x00000000d5b80000)
  object space 49152K, 46% used [0x0000000081200000,0x0000000082824db8,0x0000000084200000)
 Metaspace       used 42472K, capacity 44290K, committed 44544K, reserved 1091584K
  class space    used 5939K, capacity 6312K, committed 6400K, reserved 1048576K
Event: 9.983 GC heap after
Heap after GC invocations=10 (full 2):
 PSYoungGen      total 255488K, used 8727K [0x00000000d5b80000, 0x00000000e7300000, 0x0000000100000000)
  eden space 245760K, 0% used [0x00000000d5b80000,0x00000000d5b80000,0x00000000e4b80000)
  from space 9728K, 89% used [0x00000000e6980000,0x00000000e7205e38,0x00000000e7300000)
  to   space 11264K, 0% used [0x00000000e5d00000,0x00000000e5d00000,0x00000000e6800000)
 ParOldGen       total 49152K, used 22683K [0x0000000081200000, 0x0000000084200000, 0x00000000d5b80000)
  object space 49152K, 46% used [0x0000000081200000,0x0000000082826db8,0x0000000084200000)
 Metaspace       used 42472K, capacity 44290K, committed 44544K, reserved 1091584K
  class space    used 5939K, capacity 6312K, committed 6400K, reserved 1048576K
}
Event: 9.983 GC heap before
{Heap before GC invocations=11 (full 3):
 PSYoungGen      total 255488K, used 8727K [0x00000000d5b80000, 0x00000000e7300000, 0x0000000100000000)
  eden space 245760K, 0% used [0x00000000d5b80000,0x00000000d5b80000,0x00000000e4b80000)
  from space 9728K, 89% used [0x00000000e6980000,0x00000000e7205e38,0x00000000e7300000)
  to   space 11264K, 0% used [0x00000000e5d00000,0x00000000e5d00000,0x00000000e6800000)
 ParOldGen       total 49152K, used 22683K [0x0000000081200000, 0x0000000084200000, 0x00000000d5b80000)
  object space 49152K, 46% used [0x0000000081200000,0x0000000082826db8,0x0000000084200000)
 Metaspace       used 42472K, capacity 44290K, committed 44544K, reserved 1091584K
  class space    used 5939K, capacity 6312K, committed 6400K, reserved 1048576K
Event: 10.139 GC heap after
Heap after GC invocations=11 (full 3):
 PSYoungGen      total 255488K, used 0K [0x00000000d5b80000, 0x00000000e7300000, 0x0000000100000000)
  eden space 245760K, 0% used [0x00000000d5b80000,0x00000000d5b80000,0x00000000e4b80000)
  from space 9728K, 0% used [0x00000000e6980000,0x00000000e6980000,0x00000000e7300000)
  to   space 11264K, 0% used [0x00000000e5d00000,0x00000000e5d00000,0x00000000e6800000)
 ParOldGen       total 49152K, used 25523K [0x0000000081200000, 0x0000000084200000, 0x00000000d5b80000)
  object space 49152K, 51% used [0x0000000081200000,0x0000000082aecdb8,0x0000000084200000)
 Metaspace       used 42472K, capacity 44290K, committed 44544K, reserved 1089536K
  class space    used 5939K, capacity 6312K, committed 6400K, reserved 1048576K
}

